# JRE version: OpenJDK Runtime Environment Temurin-17.0.8.1+1 (17.0.8.1+1) (build 17.0.8.1+1)
# Java VM: OpenJDK 64-Bit Server VM Temurin-17.0.8.1+1 (17.0.8.1+1, mixed mode, tiered, compressed oops, compressed class ptrs, g1 gc, windows-amd64)
GC Precious Log:
 CPUs: 8 total, 8 available
 Memory: 7999M
 Large Page Support: Disabled
 NUMA Support: Disabled
 Compressed Oops: Enabled (32-bit)
 Heap Region Size: 1M
 Heap Min Capacity: 8M
 Heap Initial Capacity: 126M
 Heap Max Capacity: 1536M
 Pre-touch: Disabled
 Parallel Workers: 8
 Concurrent Workers: 2
 Concurrent Refinement Workers: 8
 Periodic GC: Disabled
Heap:
 garbage-first heap   total 102400K, used 64747K [0x00000000a0000000, 0x0000000100000000)
  region size 1024K, 10 young (10240K), 3 survivors (3072K)
 Metaspace       used 59969K, committed 60736K, reserved 1114112K
  class space    used 8173K, committed 8512K, reserved 1048576K
GC Heap History (20 events):
Event: 30.293 GC heap before
{Heap before GC invocations=29 (full 0):
 garbage-first heap   total 75776K, used 43325K [0x00000000a0000000, 0x0000000100000000)
  region size 1024K, 4 young (4096K), 2 survivors (2048K)
 Metaspace       used 51136K, committed 51776K, reserved 1114112K
  class space    used 6878K, committed 7168K, reserved 1048576K
}
Event: 30.295 GC heap after
{Heap after GC invocations=30 (full 0):
 garbage-first heap   total 75776K, used 43316K [0x00000000a0000000, 0x0000000100000000)
  region size 1024K, 3 young (3072K), 3 survivors (3072K)
 Metaspace       used 51136K, committed 51776K, reserved 1114112K
  class space    used 6878K, committed 7168K, reserved 1048576K
}
Event: 33.174 GC heap before
{Heap before GC invocations=31 (full 0):
 garbage-first heap   total 78848K, used 47412K [0x00000000a0000000, 0x0000000100000000)
  region size 1024K, 7 young (7168K), 3 survivors (3072K)
 Metaspace       used 51146K, committed 51776K, reserved 1114112K
  class space    used 6878K, committed 7168K, reserved 1048576K
}
Event: 33.179 GC heap after
{Heap after GC invocations=32 (full 0):
 garbage-first heap   total 78848K, used 46254K [0x00000000a0000000, 0x0000000100000000)
  region size 1024K, 2 young (2048K), 2 survivors (2048K)
 Metaspace       used 51146K, committed 51776K, reserved 1114112K
  class space    used 6878K, committed 7168K, reserved 1048576K
}
Event: 33.420 GC heap before
{Heap before GC invocations=33 (full 0):
 garbage-first heap   total 86016K, used 49326K [0x00000000a0000000, 0x0000000100000000)
  region size 1024K, 4 young (4096K), 2 survivors (2048K)
 Metaspace       used 51146K, committed 51776K, reserved 1114112K
  class space    used 6878K, committed 7168K, reserved 1048576K
}
Event: 33.423 GC heap after
{Heap after GC invocations=34 (full 0):
 garbage-first heap   total 86016K, used 51116K [0x00000000a0000000, 0x0000000100000000)
  region size 1024K, 2 young (2048K), 2 survivors (2048K)
 Metaspace       used 51146K, committed 51776K, reserved 1114112K
  class space    used 6878K, committed 7168K, reserved 1048576K
}
Event: 36.574 GC heap before
{Heap before GC invocations=35 (full 0):
 garbage-first heap   total 91136K, used 53164K [0x00000000a0000000, 0x0000000100000000)
  region size 1024K, 4 young (4096K), 2 survivors (2048K)
 Metaspace       used 51147K, committed 51776K, reserved 1114112K
  class space    used 6878K, committed 7168K, reserved 1048576K
}
Event: 36.576 GC heap after
{Heap after GC invocations=36 (full 0):
 garbage-first heap   total 91136K, used 52105K [0x00000000a0000000, 0x0000000100000000)
  region size 1024K, 2 young (2048K), 2 survivors (2048K)
 Metaspace       used 51147K, committed 51776K, reserved 1114112K
  class space    used 6878K, committed 7168K, reserved 1048576K
}
Event: 38.117 GC heap before
{Heap before GC invocations=37 (full 0):
 garbage-first heap   total 94208K, used 62345K [0x00000000a0000000, 0x0000000100000000)
  region size 1024K, 11 young (11264K), 2 survivors (2048K)
 Metaspace       used 51925K, committed 52608K, reserved 1114112K
  class space    used 7016K, committed 7360K, reserved 1048576K
}
Event: 38.122 GC heap after
{Heap after GC invocations=38 (full 0):
 garbage-first heap   total 94208K, used 55429K [0x00000000a0000000, 0x0000000100000000)
  region size 1024K, 2 young (2048K), 2 survivors (2048K)
 Metaspace       used 51925K, committed 52608K, reserved 1114112K
  class space    used 7016K, committed 7360K, reserved 1048576K
}
Event: 38.725 GC heap before
{Heap before GC invocations=38 (full 0):
 garbage-first heap   total 94208K, used 65669K [0x00000000a0000000, 0x0000000100000000)
  region size 1024K, 12 young (12288K), 2 survivors (2048K)
 Metaspace       used 53732K, committed 54400K, reserved 1114112K
  class space    used 7290K, committed 7616K, reserved 1048576K
}
Event: 38.729 GC heap after
{Heap after GC invocations=39 (full 0):
 garbage-first heap   total 94208K, used 56178K [0x00000000a0000000, 0x0000000100000000)
  region size 1024K, 1 young (1024K), 1 survivors (1024K)
 Metaspace       used 53732K, committed 54400K, reserved 1114112K
  class space    used 7290K, committed 7616K, reserved 1048576K
}
Event: 39.185 GC heap before
{Heap before GC invocations=40 (full 0):
 garbage-first heap   total 99328K, used 67442K [0x00000000a0000000, 0x0000000100000000)
  region size 1024K, 12 young (12288K), 1 survivors (1024K)
 Metaspace       used 54709K, committed 55360K, reserved 1114112K
  class space    used 7455K, committed 7744K, reserved 1048576K
}
Event: 39.189 GC heap after
{Heap after GC invocations=41 (full 0):
 garbage-first heap   total 99328K, used 56630K [0x00000000a0000000, 0x0000000100000000)
  region size 1024K, 2 young (2048K), 2 survivors (2048K)
 Metaspace       used 54709K, committed 55360K, reserved 1114112K
  class space    used 7455K, committed 7744K, reserved 1048576K
}
Event: 39.717 GC heap before
{Heap before GC invocations=41 (full 0):
 garbage-first heap   total 99328K, used 69942K [0x00000000a0000000, 0x0000000100000000)
  region size 1024K, 16 young (16384K), 2 survivors (2048K)
 Metaspace       used 56014K, committed 56704K, reserved 1114112K
  class space    used 7628K, committed 7936K, reserved 1048576K
}
Event: 39.725 GC heap after
{Heap after GC invocations=42 (full 0):
 garbage-first heap   total 99328K, used 57309K [0x00000000a0000000, 0x0000000100000000)
  region size 1024K, 2 young (2048K), 2 survivors (2048K)
 Metaspace       used 56014K, committed 56704K, reserved 1114112K
  class space    used 7628K, committed 7936K, reserved 1048576K
}
Event: 40.246 GC heap before
{Heap before GC invocations=43 (full 0):
 garbage-first heap   total 101376K, used 73693K [0x00000000a0000000, 0x0000000100000000)
  region size 1024K, 18 young (18432K), 2 survivors (2048K)
 Metaspace       used 57846K, committed 58560K, reserved 1114112K
  class space    used 7875K, committed 8192K, reserved 1048576K
}
Event: 40.249 GC heap after
{Heap after GC invocations=44 (full 0):
 garbage-first heap   total 101376K, used 57624K [0x00000000a0000000, 0x0000000100000000)
  region size 1024K, 2 young (2048K), 2 survivors (2048K)
 Metaspace       used 57846K, committed 58560K, reserved 1114112K
  class space    used 7875K, committed 8192K, reserved 1048576K
}
Event: 40.970 GC heap before
{Heap before GC invocations=44 (full 0):
 garbage-first heap   total 101376K, used 76056K [0x00000000a0000000, 0x0000000100000000)
  region size 1024K, 20 young (20480K), 2 survivors (2048K)
 Metaspace       used 59227K, committed 59904K, reserved 1114112K
  class space    used 8049K, committed 8384K, reserved 1048576K
}
Event: 40.975 GC heap after
{Heap after GC invocations=45 (full 0):
 garbage-first heap   total 101376K, used 58603K [0x00000000a0000000, 0x0000000100000000)
  region size 1024K, 3 young (3072K), 3 survivors (3072K)
 Metaspace       used 59227K, committed 59904K, reserved 1114112K
  class space    used 8049K, committed 8384K, reserved 1048576K
}

